2023-02-18 17:53:39 DEBUG: logger start
2023-02-18 18:01:57 DEBUG: input [ 1.          1.         -0.78596329  0.4876125 ], output [0.33984375, 0.373046875, 0.359375, 0.330078125], average 0.3505859375
2023-02-18 18:10:17 DEBUG: input [ 1.          1.         -0.13490523  0.54285477], output [0.2578125, 0.3115234375, 0.25390625, 0.232421875], average 0.263916015625
2023-02-18 18:17:39 DEBUG: input [3.         3.         0.84300911 0.20265929], output [0.2275390625, 0.1953125, 0.201171875, 0.1826171875], average 0.20166015625
2023-02-18 18:24:57 DEBUG: input [ 3.          3.          0.20212324 -0.26802222], output [0.2294921875, 0.216796875, 0.189453125, 0.19921875], average 0.208740234375
2023-02-18 18:34:17 DEBUG: input [ 5.          2.         -0.0978248  -0.79381955], output [0.2099609375, 0.1875, 0.1494140625, 0.173828125], average 0.18017578125
2023-02-18 18:42:34 DEBUG: input [ 4.          2.         -0.28023874 -0.66199002], output [0.1904296875, 0.2080078125, 0.1728515625, 0.185546875], average 0.189208984375
2023-02-18 18:50:51 DEBUG: input [ 4.          2.         -0.57842557  0.97651754], output [0.541015625, 0.5732421875, 0.630859375, 0.583984375], average 0.582275390625
2023-02-18 18:59:12 DEBUG: input [4.         3.         0.38294123 0.80600302], output [0.2607421875, 0.2333984375, 0.267578125, 0.2373046875], average 0.249755859375
2023-02-18 19:16:31 DEBUG: input [ 2.          0.         -0.97873913 -0.50317432], output [0.427734375, 0.396484375, 0.416015625, 0.3359375], average 0.39404296875
2023-02-18 19:24:51 DEBUG: input [ 0.          2.          0.96671528 -0.10779049], output [0.2412109375, 0.236328125, 0.236328125, 0.2119140625], average 0.2314453125
2023-02-18 19:33:09 DEBUG: input [ 2.          0.         -0.49951491  0.69275382], output [0.2646484375, 0.3017578125, 0.294921875, 0.294921875], average 0.2890625
2023-02-18 19:40:26 DEBUG: input [ 0.          3.          0.69870503 -0.43612045], output [0.2841796875, 0.2685546875, 0.2373046875, 0.2578125], average 0.261962890625
2023-02-18 19:48:46 DEBUG: input [ 0.          3.         -0.86722444  0.07600394], output [0.40625, 0.3447265625, 0.3974609375, 0.396484375], average 0.38623046875
2023-02-18 19:56:57 DEBUG: input [0.         3.         0.17795272 0.18962454], output [0.2744140625, 0.2734375, 0.2646484375, 0.2236328125], average 0.259033203125
2023-02-18 20:05:11 DEBUG: input [2.         0.         0.72208669 0.76842603], output [0.2978515625, 0.275390625, 0.26171875, 0.2685546875], average 0.27587890625
2023-02-18 20:13:19 DEBUG: logger start
2023-02-18 20:14:18 DEBUG: logger start
2023-02-18 20:25:43 DEBUG: input [ 3.          3.         -0.47998963 -0.79546682], [ppo_epoch, n_focus_on, lr, gamma] = [16, 5, 0.0002674051353282773, 0.9092039929287203]| output [0.208984375, 0.21142578125, 0.18017578125, 0.1845703125], average 0.1962890625
2023-02-18 20:37:03 DEBUG: input [ 2.          0.          0.62134685 -0.94577371], [ppo_epoch, n_focus_on, lr, gamma] = [12, 2, 0.0008125666931457558, 0.9024401832685307]| output [0.20947265625, 0.22119140625, 0.2099609375, 0.22314453125], average 0.2159423828125
2023-02-18 20:49:23 DEBUG: input [1.         2.         0.22154649 0.46167098], [ppo_epoch, n_focus_on, lr, gamma] = [8, 4, 0.0006146655101311334, 0.965775194215843]| output [0.18603515625, 0.2509765625, 0.24365234375, 0.16796875], average 0.212158203125
2023-02-18 21:02:43 DEBUG: input [5.         0.         0.78242258 0.07681089], [ppo_epoch, n_focus_on, lr, gamma] = [32, 2, 0.0008922991785008452, 0.9484564899294529]| output [0.2578125, 0.22509765625, 0.208984375, 0.19970703125], average 0.222900390625
2023-02-18 21:13:55 DEBUG: input [ 1.          1.         -0.36094575 -0.1176137 ], [ppo_epoch, n_focus_on, lr, gamma] = [8, 3, 0.0003263318521274631, 0.9397073832779113]| output [0.23046875, 0.2158203125, 0.197265625, 0.1484375], average 0.197998046875
2023-02-18 21:26:17 DEBUG: input [ 1.          3.         -0.77094819 -0.49837489], [ppo_epoch, n_focus_on, lr, gamma] = [8, 5, 0.00012338064782232836, 0.9225731298956587]| output [0.21826171875, 0.21630859375, 0.17333984375, 0.1630859375], average 0.1927490234375
2023-02-18 21:38:39 DEBUG: input [ 4.          2.         -0.02239707  0.8494005 ], [ppo_epoch, n_focus_on, lr, gamma] = [24, 4, 0.0004939134494145328, 0.9832230224386393]| output [0.29833984375, 0.24853515625, 0.2861328125, 0.23974609375], average 0.2681884765625
2023-02-18 21:50:58 DEBUG: input [3.         2.         0.09971118 0.95323897], [ppo_epoch, n_focus_on, lr, gamma] = [16, 4, 0.0005543570327067113, 0.9878957534509132]| output [0.638671875, 0.626953125, 0.552734375, 0.685546875], average 0.6259765625
2023-02-18 22:03:12 DEBUG: input [ 0.          3.         -0.96478865 -0.02279141], [ppo_epoch, n_focus_on, lr, gamma] = [4, 5, 2.7429619633669418e-05, 0.943974386615799]| output [0.22705078125, 0.26123046875, 0.2763671875, 0.2060546875], average 0.24267578125
2023-02-18 22:15:31 DEBUG: input [ 2.          1.         -0.13549774  0.76756362], [ppo_epoch, n_focus_on, lr, gamma] = [12, 3, 0.00043792861855072233, 0.9795403627595921]| output [0.259765625, 0.26025390625, 0.265625, 0.20703125], average 0.2481689453125
2023-02-18 22:29:51 DEBUG: input [ 5.          3.          0.45932264 -0.52405712], [ppo_epoch, n_focus_on, lr, gamma] = [32, 5, 0.0007323647086580188, 0.9214174294507355]| output [0.216796875, 0.177734375, 0.205078125, 0.2197265625], average 0.204833984375
2023-02-18 22:42:15 DEBUG: input [3.         1.         0.56224373 0.2674411 ], [ppo_epoch, n_focus_on, lr, gamma] = [16, 3, 0.0007833106463817976, 0.957034849334381]| output [0.2080078125, 0.2412109375, 0.21630859375, 0.20947265625], average 0.21875
2023-02-18 22:55:28 DEBUG: input [ 2.          3.         -0.65897694  0.661009  ], [ppo_epoch, n_focus_on, lr, gamma] = [12, 5, 0.00017880641619075547, 0.9747454049300381]| output [0.21484375, 0.25634765625, 0.16845703125, 0.2080078125], average 0.2119140625
2023-02-18 23:08:44 DEBUG: input [4.         1.         0.81383239 0.55203727], [ppo_epoch, n_focus_on, lr, gamma] = [24, 3, 0.0009078470350838029, 0.9698416773005109]| output [0.2138671875, 0.22509765625, 0.22900390625, 0.20458984375], average 0.2181396484375
2023-02-18 23:21:04 DEBUG: input [2.         0.         0.93938273 0.1209409 ], [ppo_epoch, n_focus_on, lr, gamma] = [12, 2, 0.0009699944518990933, 0.9504423406853421]| output [0.16064453125, 0.20849609375, 0.21875, 0.216796875], average 0.201171875
2023-02-18 23:34:23 DEBUG: input [ 5.          2.         -0.81042283 -0.65685262], [ppo_epoch, n_focus_on, lr, gamma] = [32, 4, 0.00010384069776846438, 0.9154416321826035]| output [0.1787109375, 0.1845703125, 0.1748046875, 0.16943359375], average 0.1768798828125
2023-02-18 23:48:37 DEBUG: input [ 5.          3.         -0.53733683 -0.21741068], [ppo_epoch, n_focus_on, lr, gamma] = [32, 5, 0.00023901826977431418, 0.935216519461229]| output [0.20556640625, 0.21337890625, 0.2001953125, 0.17822265625], average 0.1993408203125
2023-02-19 00:00:56 DEBUG: input [1.         3.         0.1225721  0.36306519], [ppo_epoch, n_focus_on, lr, gamma] = [8, 5, 0.0005656731905857437, 0.9613379335634021]| output [0.22021484375, 0.1953125, 0.24755859375, 0.20849609375], average 0.2178955078125
2023-02-19 00:13:12 DEBUG: input [ 0.          2.          0.31754341 -0.89226075], [ppo_epoch, n_focus_on, lr, gamma] = [4, 4, 0.0006621839883126533, 0.9048482661274594]| output [0.22607421875, 0.19970703125, 0.171875, 0.18310546875], average 0.1951904296875
2023-02-19 00:25:29 DEBUG: input [ 4.          0.         -0.22953925 -0.3892328 ], [ppo_epoch, n_focus_on, lr, gamma] = [24, 2, 0.0003913780713673382, 0.9274845242207276]| output [0.20361328125, 0.201171875, 0.2138671875, 0.208984375], average 0.2069091796875
2023-02-19 00:43:42 DEBUG: input [5.         0.         0.04869127 1.        ], [ppo_epoch, n_focus_on, lr, gamma] = [32, 2, 0.0005291021800041199, 0.99]| output [0.685546875, 0.50341796875, 0.669921875, 0.67578125], average 0.6336669921875
2023-02-19 01:01:52 DEBUG: input [ 5.          3.         -0.18725604  1.        ], [ppo_epoch, n_focus_on, lr, gamma] = [32, 5, 0.0004123082610964775, 0.99]| output [0.52734375, 0.75732421875, 0.4873046875, 0.6103515625], average 0.5955810546875
2023-02-19 01:20:02 DEBUG: input [5.         0.         0.36692333 1.        ], [ppo_epoch, n_focus_on, lr, gamma] = [32, 2, 0.0006866270494461059, 0.99]| output [0.6552734375, 0.67529296875, 0.6962890625, 0.39501953125], average 0.60546875
2023-02-19 01:38:27 DEBUG: input [5.        1.        0.0232265 1.       ], [ppo_epoch, n_focus_on, lr, gamma] = [32, 3, 0.0005164971172809601, 0.99]| output [0.6630859375, 0.59228515625, 0.57763671875, 0.68115234375], average 0.6285400390625
2023-02-19 01:55:50 DEBUG: input [5.         0.         0.76231825 0.59615076], [ppo_epoch, n_focus_on, lr, gamma] = [32, 2, 0.0008823475354909897, 0.9718267840147018]| output [0.25146484375, 0.185546875, 0.234375, 0.12890625], average 0.2000732421875
2023-02-19 02:12:56 DEBUG: input [ 4.          1.         -0.03572881  1.        ], [ppo_epoch, n_focus_on, lr, gamma] = [24, 3, 0.0004873142379522324, 0.99]| output [0.6845703125, 0.71533203125, 0.74853515625, 0.5615234375], average 0.677490234375
2023-02-19 02:30:08 DEBUG: input [4.         1.         0.30297089 1.        ], [ppo_epoch, n_focus_on, lr, gamma] = [24, 3, 0.000654970588684082, 0.99]| output [0.7802734375, 0.61767578125, 0.697265625, 0.3369140625], average 0.6080322265625
2023-02-19 02:47:29 DEBUG: input [4.         0.         0.23786509 1.        ], [ppo_epoch, n_focus_on, lr, gamma] = [24, 2, 0.0006227432197332383, 0.99]| output [0.67041015625, 0.70556640625, 0.6806640625, 0.62548828125], average 0.6705322265625
2023-02-19 03:03:51 DEBUG: input [4.         0.         0.07230067 1.        ], [ppo_epoch, n_focus_on, lr, gamma] = [24, 2, 0.0005407888329029084, 0.99]| output [0.75146484375, 0.6806640625, 0.70751953125, 0.37353515625], average 0.6282958984375
2023-02-19 03:19:10 DEBUG: input [0.         1.         0.13239694 1.        ], [ppo_epoch, n_focus_on, lr, gamma] = [4, 3, 0.0005705364835262299, 0.99]| output [0.26708984375, 0.31005859375, 0.28955078125, 0.25439453125], average 0.2802734375
2023-02-19 03:36:22 DEBUG: input [4.         0.         0.06181204 1.        ], [ppo_epoch, n_focus_on, lr, gamma] = [24, 2, 0.0005355969613790512, 0.99]| output [0.6845703125, 0.740234375, 0.6689453125, 0.7763671875], average 0.717529296875
2023-02-19 03:53:43 DEBUG: input [ 4.          0.         -0.73818797  1.        ], [ppo_epoch, n_focus_on, lr, gamma] = [24, 2, 0.00013959695547819138, 0.99]| output [0.7509765625, 0.76708984375, 0.70166015625, 0.6943359375], average 0.728515625
2023-02-19 04:09:07 DEBUG: input [ 3.  0. -1.  1.], [ppo_epoch, n_focus_on, lr, gamma] = [16, 2, 1e-05, 0.99]| output [0.29345703125, 0.25048828125, 0.2958984375, 0.203125], average 0.2607421875
2023-02-19 04:25:33 DEBUG: input [ 4.          0.         -0.52915663  1.        ], [ppo_epoch, n_focus_on, lr, gamma] = [24, 2, 0.00024306747049093245, 0.99]| output [0.75830078125, 0.673828125, 0.765625, 0.65673828125], average 0.713623046875
2023-02-19 04:42:49 DEBUG: input [ 4.          1.         -0.64425457  1.        ], [ppo_epoch, n_focus_on, lr, gamma] = [24, 3, 0.00018609399020671846, 0.99]| output [0.67333984375, 0.697265625, 0.72314453125, 0.66650390625], average 0.6900634765625
2023-02-19 05:00:09 DEBUG: input [ 4.          0.         -0.70932382  1.        ], [ppo_epoch, n_focus_on, lr, gamma] = [24, 2, 0.00015388470739126204, 0.99]| output [0.59912109375, 0.82275390625, 0.66943359375, 0.62060546875], average 0.677978515625
2023-02-19 05:17:35 DEBUG: input [ 4.          0.         -0.37146235  1.        ], [ppo_epoch, n_focus_on, lr, gamma] = [24, 2, 0.00032112613916397096, 0.99]| output [0.63134765625, 0.7529296875, 0.7998046875, 0.72265625], average 0.7266845703125
2023-02-19 05:35:06 DEBUG: input [ 4.          0.         -0.58218718  1.        ], [ppo_epoch, n_focus_on, lr, gamma] = [24, 2, 0.00021681734800338745, 0.99]| output [0.72900390625, 0.7353515625, 0.67578125, 0.70556640625], average 0.71142578125
2023-02-19 05:51:30 DEBUG: input [ 4.          0.         -0.23093295  1.        ], [ppo_epoch, n_focus_on, lr, gamma] = [24, 2, 0.0003906881892681122, 0.99]| output [0.7275390625, 0.7275390625, 0.6279296875, 0.70361328125], average 0.6966552734375
2023-02-19 06:09:06 DEBUG: input [ 4.          0.         -0.24031705  1.        ], [ppo_epoch, n_focus_on, lr, gamma] = [24, 2, 0.0003860430619120598, 0.99]| output [0.73046875, 0.763671875, 0.76171875, 0.72900390625], average 0.7462158203125
2023-02-19 06:26:35 DEBUG: input [ 4.          0.         -0.56086481  1.        ], [ppo_epoch, n_focus_on, lr, gamma] = [24, 2, 0.00022737192094326018, 0.99]| output [0.68212890625, 0.765625, 0.76025390625, 0.7373046875], average 0.736328125
2023-02-19 06:43:05 DEBUG: input [ 4.          0.         -0.47267866  1.        ], [ppo_epoch, n_focus_on, lr, gamma] = [24, 2, 0.00027102406263351445, 0.99]| output [0.60400390625, 0.78564453125, 0.77734375, 0.56640625], average 0.683349609375
2023-02-19 06:58:17 DEBUG: input [ 0.          0.         -0.24151504  1.        ], [ppo_epoch, n_focus_on, lr, gamma] = [4, 2, 0.0003854500550031662, 0.99]| output [0.224609375, 0.267578125, 0.25, 0.2041015625], average 0.236572265625
2023-02-19 07:15:53 DEBUG: input [ 4.          0.         -0.46216309  1.        ], [ppo_epoch, n_focus_on, lr, gamma] = [24, 2, 0.0002762292701005936, 0.99]| output [0.71240234375, 0.79638671875, 0.830078125, 0.6455078125], average 0.74609375
2023-02-19 07:33:10 DEBUG: input [ 4.          0.         -0.53644249  1.        ], [ppo_epoch, n_focus_on, lr, gamma] = [24, 2, 0.00023946096822619438, 0.99]| output [0.74609375, 0.7685546875, 0.7998046875, 0.7783203125], average 0.773193359375
2023-02-19 07:49:40 DEBUG: input [ 4.          0.         -1.          0.60790873], [ppo_epoch, n_focus_on, lr, gamma] = [24, 2, 1e-05, 0.9723558926582336]| output [0.2353515625, 0.2333984375, 0.2822265625, 0.2099609375], average 0.240234375
2023-02-19 08:07:17 DEBUG: input [ 4.          0.         -0.40577418  1.        ], [ppo_epoch, n_focus_on, lr, gamma] = [24, 2, 0.0003041417828202248, 0.99]| output [0.615234375, 0.75341796875, 0.76953125, 0.7353515625], average 0.7183837890625
2023-02-19 08:23:39 DEBUG: input [ 4.          0.         -0.61684844  1.        ], [ppo_epoch, n_focus_on, lr, gamma] = [24, 2, 0.00019966002270579338, 0.99]| output [0.76904296875, 0.73974609375, 0.759765625, 0.76025390625], average 0.7572021484375
2023-02-19 08:39:05 DEBUG: input [ 3.          0.         -0.47818565  1.        ], [ppo_epoch, n_focus_on, lr, gamma] = [16, 2, 0.0002682981014251709, 0.99]| output [0.65087890625, 0.74267578125, 0.73388671875, 0.5849609375], average 0.6781005859375
2023-02-19 08:56:43 DEBUG: input [ 4.          3.         -0.39807236  1.        ], [ppo_epoch, n_focus_on, lr, gamma] = [24, 5, 0.0003079541808366776, 0.99]| output [0.79345703125, 0.66064453125, 0.7705078125, 0.75], average 0.74365234375
2023-02-19 09:13:01 DEBUG: input [ 4.          3.         -0.53598344  1.        ], [ppo_epoch, n_focus_on, lr, gamma] = [24, 5, 0.00023968819558620454, 0.99]| output [0.765625, 0.77197265625, 0.6923828125, 0.80810546875], average 0.759521484375
2023-02-19 09:38:57 DEBUG: input [ 4.          3.         -0.42338681  1.        ], [ppo_epoch, n_focus_on, lr, gamma] = [24, 5, 0.00029542352795600894, 0.99]| output [0.7470703125, 0.79736328125, 0.7490234375, 0.69970703125], average 0.748291015625
2023-02-19 09:56:23 DEBUG: input [ 4.          3.         -0.41450119  1.        ], [ppo_epoch, n_focus_on, lr, gamma] = [24, 5, 0.00029982191085815434, 0.99]| output [0.75244140625, 0.77294921875, 0.75390625, 0.80029296875], average 0.7698974609375
2023-02-19 10:13:47 DEBUG: input [ 4.          3.         -0.53648388  1.        ], [ppo_epoch, n_focus_on, lr, gamma] = [24, 5, 0.0002394404774904251, 0.99]| output [0.7822265625, 0.81103515625, 0.70703125, 0.7412109375], average 0.7603759765625
2023-02-19 10:31:15 DEBUG: input [ 4.          3.         -0.82870242  1.        ], [ppo_epoch, n_focus_on, lr, gamma] = [24, 5, 9.47923021018505e-05, 0.99]| output [0.64501953125, 0.76904296875, 0.6650390625, 0.578125], average 0.664306640625
2023-02-19 10:47:46 DEBUG: input [ 4.          3.         -0.53644085  1.        ], [ppo_epoch, n_focus_on, lr, gamma] = [24, 5, 0.00023946177959442138, 0.99]| output [0.74169921875, 0.73779296875, 0.71435546875, 0.78125], average 0.7437744140625
2023-02-19 11:05:24 DEBUG: input [ 4.          3.         -0.39492822  1.        ], [ppo_epoch, n_focus_on, lr, gamma] = [24, 5, 0.000309510532617569, 0.99]| output [0.76904296875, 0.77880859375, 0.798828125, 0.69970703125], average 0.7615966796875
2023-02-19 11:22:55 DEBUG: input [ 4.          3.         -0.25282794  1.        ], [ppo_epoch, n_focus_on, lr, gamma] = [24, 5, 0.00037985016852617266, 0.99]| output [0.76806640625, 0.7451171875, 0.7587890625, 0.73876953125], average 0.752685546875
2023-02-19 11:39:29 DEBUG: input [ 4.          3.         -0.35739237  1.        ], [ppo_epoch, n_focus_on, lr, gamma] = [24, 5, 0.0003280907765030861, 0.99]| output [0.765625, 0.74951171875, 0.65380859375, 0.64453125], average 0.703369140625
2023-02-19 11:57:07 DEBUG: input [ 4.          3.         -0.73636758  1.        ], [ppo_epoch, n_focus_on, lr, gamma] = [24, 5, 0.00014049804627895354, 0.99]| output [0.6220703125, 0.677734375, 0.72509765625, 0.70556640625], average 0.6826171875
2023-02-19 12:14:43 DEBUG: input [ 4.          3.         -0.32870597  1.        ], [ppo_epoch, n_focus_on, lr, gamma] = [24, 5, 0.0003422905465960503, 0.99]| output [0.67138671875, 0.79443359375, 0.59765625, 0.73974609375], average 0.7008056640625
2023-02-19 12:32:26 DEBUG: input [ 4.          3.         -0.52310014  1.        ], [ppo_epoch, n_focus_on, lr, gamma] = [24, 5, 0.00024606543183326723, 0.99]| output [0.63525390625, 0.81591796875, 0.75, 0.75], average 0.73779296875
2023-02-19 12:50:02 DEBUG: input [ 4.          3.         -0.53652507  1.        ], [ppo_epoch, n_focus_on, lr, gamma] = [24, 5, 0.0002394200900197029, 0.99]| output [0.79638671875, 0.77294921875, 0.7177734375, 0.6669921875], average 0.738525390625
2023-02-19 13:07:32 DEBUG: input [ 4.         3.        -0.5437353  1.       ], [ppo_epoch, n_focus_on, lr, gamma] = [24, 5, 0.00023585102871060372, 0.99]| output [0.71533203125, 0.7880859375, 0.62841796875, 0.7998046875], average 0.73291015625
2023-02-19 13:25:07 DEBUG: input [ 4.          3.         -0.65119475  1.        ], [ppo_epoch, n_focus_on, lr, gamma] = [24, 5, 0.00018265859812498093, 0.99]| output [0.65185546875, 0.70166015625, 0.6708984375, 0.8076171875], average 0.7080078125
2023-02-19 13:42:34 DEBUG: input [ 4.          2.         -0.54486978  1.        ], [ppo_epoch, n_focus_on, lr, gamma] = [24, 4, 0.00023528945863246918, 0.99]| output [0.5537109375, 0.724609375, 0.779296875, 0.6806640625], average 0.6845703125
2023-02-19 14:00:14 DEBUG: input [ 4.          3.         -0.27017933  1.        ], [ppo_epoch, n_focus_on, lr, gamma] = [24, 5, 0.0003712612310051918, 0.99]| output [0.779296875, 0.7685546875, 0.68798828125, 0.6904296875], average 0.7315673828125
2023-02-19 14:17:51 DEBUG: input [ 4.          3.         -0.50924867  1.        ], [ppo_epoch, n_focus_on, lr, gamma] = [24, 5, 0.0002529219064116478, 0.99]| output [0.60693359375, 0.79541015625, 0.7939453125, 0.6025390625], average 0.69970703125
2023-02-19 14:35:25 DEBUG: input [ 4.          3.         -0.48571408  1.        ], [ppo_epoch, n_focus_on, lr, gamma] = [24, 5, 0.0002645715314149857, 0.99]| output [0.6767578125, 0.8056640625, 0.6474609375, 0.72900390625], average 0.7147216796875
2023-02-19 14:52:52 DEBUG: input [ 4.          3.         -0.57333481  1.        ], [ppo_epoch, n_focus_on, lr, gamma] = [24, 5, 0.0002211992675065994, 0.99]| output [0.63232421875, 0.76708984375, 0.7177734375, 0.64697265625], average 0.6910400390625
2023-02-19 15:10:24 DEBUG: input [ 4.          3.         -0.21053791  1.        ], [ppo_epoch, n_focus_on, lr, gamma] = [24, 5, 0.00040078373432159424, 0.99]| output [0.74267578125, 0.75634765625, 0.78271484375, 0.66650390625], average 0.737060546875
2023-02-19 15:27:53 DEBUG: input [ 4.          3.         -0.43266058  1.        ], [ppo_epoch, n_focus_on, lr, gamma] = [24, 5, 0.0002908330130577088, 0.99]| output [0.78515625, 0.74853515625, 0.61572265625, 0.8154296875], average 0.7412109375
2023-02-19 15:45:11 DEBUG: input [ 4.          3.         -0.51270649  1.        ], [ppo_epoch, n_focus_on, lr, gamma] = [24, 5, 0.0002512102882564068, 0.99]| output [0.62353515625, 0.75244140625, 0.79248046875, 0.771484375], average 0.7349853515625
2023-02-19 16:02:05 DEBUG: input [ 4.         3.        -0.5240486  1.       ], [ppo_epoch, n_focus_on, lr, gamma] = [24, 5, 0.00024559594467282297, 0.99]| output [0.6474609375, 0.7255859375, 0.68701171875, 0.75], average 0.7025146484375
2023-02-19 16:18:43 DEBUG: input [ 4.          3.         -0.39345825  0.90230298], [ppo_epoch, n_focus_on, lr, gamma] = [24, 5, 0.0003102381676435471, 0.9856036341190338]| output [0.50537109375, 0.345703125, 0.47607421875, 0.248046875], average 0.393798828125
2023-02-19 16:34:18 DEBUG: input [4.         3.         0.26355755 0.20000005], [ppo_epoch, n_focus_on, lr, gamma] = [24, 5, 0.0006354609888792038, 0.9540000021457672]| output [0.22314453125, 0.20263671875, 0.19873046875, 0.1953125], average 0.2049560546875
2023-02-19 16:50:59 DEBUG: input [4.         3.         0.02685761 0.96144867], [ppo_epoch, n_focus_on, lr, gamma] = [24, 5, 0.0005182945191860199, 0.9882651901245117]| output [0.482421875, 0.63916015625, 0.36328125, 0.31005859375], average 0.44873046875
2023-02-19 17:06:34 DEBUG: input [ 4.          3.         -0.11137587  0.49359477], [ppo_epoch, n_focus_on, lr, gamma] = [24, 5, 0.0004498689451813698, 0.9672117644548416]| output [0.2197265625, 0.1728515625, 0.224609375, 0.21533203125], average 0.2081298828125
2023-02-19 17:23:09 DEBUG: input [4.         3.         0.05217659 1.        ], [ppo_epoch, n_focus_on, lr, gamma] = [24, 5, 0.0005308274143934251, 0.99]| output [0.6982421875, 0.76953125, 0.64208984375, 0.53466796875], average 0.6611328125
2023-02-19 17:39:51 DEBUG: input [ 4.          3.         -0.40074897  0.99455476], [ppo_epoch, n_focus_on, lr, gamma] = [24, 5, 0.00030662926077842717, 0.9897549641132355]| output [0.7646484375, 0.80712890625, 0.63134765625, 0.75], average 0.73828125
2023-02-19 17:56:32 DEBUG: input [ 4.          0.         -0.9676141   0.20000005], [ppo_epoch, n_focus_on, lr, gamma] = [24, 2, 2.603102080523968e-05, 0.9540000021457672]| output [0.20703125, 0.23828125, 0.236328125, 0.21044921875], average 0.2230224609375
2023-02-19 18:12:10 DEBUG: input [ 4.          0.         -0.62143719  0.20000005], [ppo_epoch, n_focus_on, lr, gamma] = [24, 2, 0.00019738858997821808, 0.9540000021457672]| output [0.22314453125, 0.22216796875, 0.2177734375, 0.20654296875], average 0.2174072265625
2023-02-19 18:28:58 DEBUG: input [ 4.          0.         -0.58776212  1.        ], [ppo_epoch, n_focus_on, lr, gamma] = [24, 2, 0.00021405775189399718, 0.99]| output [0.73486328125, 0.64990234375, 0.81689453125, 0.79736328125], average 0.749755859375
2023-02-19 18:45:42 DEBUG: input [ 4.          0.         -0.80061279  1.        ], [ppo_epoch, n_focus_on, lr, gamma] = [24, 2, 0.00010869666777551174, 0.99]| output [0.63525390625, 0.5732421875, 0.63134765625, 0.4404296875], average 0.570068359375
2023-02-19 19:02:19 DEBUG: input [ 4.          1.         -0.25453389  1.        ], [ppo_epoch, n_focus_on, lr, gamma] = [24, 3, 0.000379005725979805, 0.99]| output [0.70849609375, 0.69677734375, 0.65966796875, 0.76220703125], average 0.706787109375
2023-02-19 19:18:02 DEBUG: input [ 2.          3.         -0.41841996  1.        ], [ppo_epoch, n_focus_on, lr, gamma] = [12, 5, 0.0002978821212053299, 0.99]| output [0.69580078125, 0.70703125, 0.556640625, 0.6767578125], average 0.6590576171875
2023-02-19 19:33:39 DEBUG: input [ 4.          0.         -0.38113505  0.4666667 ], [ppo_epoch, n_focus_on, lr, gamma] = [24, 2, 0.00031633815199136735, 0.9660000014305115]| output [0.19970703125, 0.2216796875, 0.228515625, 0.224609375], average 0.2186279296875
2023-02-19 19:50:39 DEBUG: input [ 4.          0.         -0.29510123  1.        ], [ppo_epoch, n_focus_on, lr, gamma] = [24, 2, 0.0003589248934388161, 0.99]| output [0.56396484375, 0.73193359375, 0.76123046875, 0.73876953125], average 0.698974609375
2023-02-19 20:07:22 DEBUG: input [ 4.          0.         -0.79285882  0.7703774 ], [ppo_epoch, n_focus_on, lr, gamma] = [24, 2, 0.00011253488205373287, 0.9796669828891754]| output [0.27783203125, 0.32958984375, 0.2587890625, 0.181640625], average 0.261962890625
2023-02-19 20:24:14 DEBUG: input [ 4.          3.         -0.79983003  0.77853882], [ppo_epoch, n_focus_on, lr, gamma] = [24, 5, 0.00010908413298428058, 0.9800342470407486]| output [0.22998046875, 0.27783203125, 0.20947265625, 0.1923828125], average 0.2274169921875
2023-02-19 20:40:57 DEBUG: input [ 4.         3.        -0.7804933  1.       ], [ppo_epoch, n_focus_on, lr, gamma] = [24, 5, 0.00011865581445395947, 0.99]| output [0.5458984375, 0.744140625, 0.7119140625, 0.74658203125], average 0.6871337890625
2023-02-19 20:56:56 DEBUG: input [ 3.          0.         -0.44605422  1.        ], [ppo_epoch, n_focus_on, lr, gamma] = [16, 2, 0.0002842031610012055, 0.99]| output [0.78759765625, 0.6591796875, 0.76171875, 0.59716796875], average 0.701416015625
2023-02-19 21:13:50 DEBUG: input [ 4.          1.         -0.80135542  1.        ], [ppo_epoch, n_focus_on, lr, gamma] = [24, 3, 0.00010832906633615494, 0.99]| output [0.73486328125, 0.7373046875, 0.685546875, 0.54296875], average 0.6751708984375
2023-02-19 21:29:37 DEBUG: input [ 4.          0.         -0.31551391  0.71708524], [ppo_epoch, n_focus_on, lr, gamma] = [24, 2, 0.0003488206151127815, 0.977268835902214]| output [0.22998046875, 0.255859375, 0.27490234375, 0.228515625], average 0.247314453125
2023-02-19 21:46:23 DEBUG: input [ 4.          0.         -0.73903471  0.75975835], [ppo_epoch, n_focus_on, lr, gamma] = [24, 2, 0.00013917781740427018, 0.9791891258955002]| output [0.216796875, 0.27978515625, 0.26806640625, 0.25390625], average 0.254638671875
2023-02-19 22:02:18 DEBUG: input [ 1.          0.         -0.35815179  1.        ], [ppo_epoch, n_focus_on, lr, gamma] = [8, 2, 0.0003277148622274399, 0.99]| output [0.33642578125, 0.3505859375, 0.51318359375, 0.30810546875], average 0.3770751953125
2023-02-19 22:19:11 DEBUG: input [ 4.          3.         -0.42590243  0.86641932], [ppo_epoch, n_focus_on, lr, gamma] = [24, 5, 0.00029417829900979997, 0.9839888691902161]| output [0.291015625, 0.30517578125, 0.25244140625, 0.3134765625], average 0.29052734375
2023-02-19 22:35:06 DEBUG: input [ 3.          1.         -0.67231551  0.4666667 ], [ppo_epoch, n_focus_on, lr, gamma] = [16, 3, 0.0001722038234770298, 0.9660000014305115]| output [0.19287109375, 0.2021484375, 0.19091796875, 0.1552734375], average 0.185302734375
2023-02-19 22:51:52 DEBUG: input [ 4.          0.         -0.36323512  1.        ], [ppo_epoch, n_focus_on, lr, gamma] = [24, 2, 0.0003251986175775528, 0.99]| output [0.7705078125, 0.71630859375, 0.83935546875, 0.59228515625], average 0.7296142578125
2023-02-19 23:08:38 DEBUG: input [ 4.          3.         -0.21367675  1.        ], [ppo_epoch, n_focus_on, lr, gamma] = [24, 5, 0.0003992300084233284, 0.99]| output [0.72314453125, 0.76806640625, 0.77197265625, 0.5], average 0.6907958984375
2023-02-19 23:25:32 DEBUG: input [ 4.          3.         -0.27922213  1.        ], [ppo_epoch, n_focus_on, lr, gamma] = [24, 5, 0.00036678504526615146, 0.99]| output [0.7666015625, 0.77685546875, 0.77685546875, 0.73828125], average 0.7646484375
2023-02-19 23:43:17 DEBUG: input [ 4.          3.         -0.58839864  1.        ], [ppo_epoch, n_focus_on, lr, gamma] = [24, 5, 0.00021374267548322678, 0.99]| output [0.6708984375, 0.75927734375, 0.767578125, 0.70556640625], average 0.725830078125
2023-02-20 00:01:11 DEBUG: input [ 4.        3.       -0.403418  1.      ], [ppo_epoch, n_focus_on, lr, gamma] = [24, 5, 0.00030530808776617054, 0.99]| output [0.74609375, 0.80322265625, 0.75830078125, 0.72900390625], average 0.7591552734375
2023-02-20 00:18:06 DEBUG: input [ 3.          0.         -0.0031091   0.86674154], [ppo_epoch, n_focus_on, lr, gamma] = [16, 2, 0.0005034609967470169, 0.9840033692121506]| output [0.26318359375, 0.326171875, 0.29931640625, 0.23486328125], average 0.2808837890625
2023-02-20 00:36:05 DEBUG: input [ 4.00000000e+00  0.00000000e+00 -3.10909748e-03  5.25879025e-01], [ppo_epoch, n_focus_on, lr, gamma] = [24, 2, 0.0005034609967470169, 0.968664556145668]| output [0.2265625, 0.22216796875, 0.21875, 0.15283203125], average 0.205078125
2023-02-20 00:54:03 DEBUG: input [ 4.          3.         -0.44628799  1.        ], [ppo_epoch, n_focus_on, lr, gamma] = [24, 5, 0.00028408744513988495, 0.99]| output [0.80126953125, 0.818359375, 0.5283203125, 0.69091796875], average 0.709716796875
2023-02-20 01:12:15 DEBUG: input [ 4.  3. -1.  1.], [ppo_epoch, n_focus_on, lr, gamma] = [24, 5, 1e-05, 0.99]| output [0.2158203125, 0.23046875, 0.2412109375, 0.244140625], average 0.23291015625
2023-02-20 01:30:25 DEBUG: input [ 4.          3.         -0.20207494  1.        ], [ppo_epoch, n_focus_on, lr, gamma] = [24, 5, 0.000404972902238369, 0.99]| output [0.79541015625, 0.76416015625, 0.61962890625, 0.72412109375], average 0.725830078125
2023-02-20 01:48:18 DEBUG: input [ 4.          3.         -0.17471415  1.        ], [ppo_epoch, n_focus_on, lr, gamma] = [24, 5, 0.0004185164967179299, 0.99]| output [0.78173828125, 0.6689453125, 0.74560546875, 0.77685546875], average 0.7432861328125
2023-02-20 02:06:26 DEBUG: input [ 4.          3.         -0.40302777  1.        ], [ppo_epoch, n_focus_on, lr, gamma] = [24, 5, 0.00030550125241279603, 0.99]| output [0.76220703125, 0.78369140625, 0.740234375, 0.716796875], average 0.750732421875
2023-02-20 02:24:21 DEBUG: input [ 4.          3.         -0.37539035  1.        ], [ppo_epoch, n_focus_on, lr, gamma] = [24, 5, 0.0003191817763447762, 0.99]| output [0.69677734375, 0.8359375, 0.72705078125, 0.75341796875], average 0.7532958984375
2023-02-20 02:43:33 DEBUG: input [ 4.          0.         -0.50175744  1.        ], [ppo_epoch, n_focus_on, lr, gamma] = [24, 2, 0.00025663006573915483, 0.99]| output [0.68896484375, 0.76806640625, 0.7529296875, 0.6708984375], average 0.72021484375
2023-02-20 03:02:18 DEBUG: input [ 4.         3.        -0.2028203  1.       ], [ppo_epoch, n_focus_on, lr, gamma] = [24, 5, 0.00040460395097732544, 0.99]| output [0.73046875, 0.80810546875, 0.7861328125, 0.70263671875], average 0.7568359375
2023-02-20 03:20:24 DEBUG: input [ 4.          3.         -0.20304209  1.        ], [ppo_epoch, n_focus_on, lr, gamma] = [24, 5, 0.0004044941654801369, 0.99]| output [0.75244140625, 0.74169921875, 0.775390625, 0.74951171875], average 0.7547607421875
2023-02-20 03:38:41 DEBUG: input [ 4.          3.         -0.32991493  1.        ], [ppo_epoch, n_focus_on, lr, gamma] = [24, 5, 0.00034169211089611054, 0.99]| output [0.630859375, 0.8330078125, 0.65380859375, 0.68798828125], average 0.701416015625
2023-02-20 03:56:47 DEBUG: input [ 4.          3.         -0.38966829  1.        ], [ppo_epoch, n_focus_on, lr, gamma] = [24, 5, 0.00031211419850587846, 0.99]| output [0.681640625, 0.7412109375, 0.8056640625, 0.78466796875], average 0.7532958984375
2023-02-20 04:14:39 DEBUG: input [ 4.          3.         -0.26509869  1.        ], [ppo_epoch, n_focus_on, lr, gamma] = [24, 5, 0.0003737761479616165, 0.99]| output [0.802734375, 0.75146484375, 0.64208984375, 0.72119140625], average 0.7293701171875
2023-02-20 04:31:21 DEBUG: input [ 3.          0.         -0.58456481  1.        ], [ppo_epoch, n_focus_on, lr, gamma] = [16, 2, 0.00021564042150974273, 0.99]| output [0.63818359375, 0.75390625, 0.64501953125, 0.541015625], average 0.64453125
2023-02-20 04:48:03 DEBUG: input [ 3.          1.         -0.22688347  1.        ], [ppo_epoch, n_focus_on, lr, gamma] = [16, 3, 0.00039269268184900286, 0.99]| output [0.63330078125, 0.7373046875, 0.67578125, 0.7333984375], average 0.6949462890625
2023-02-20 05:05:55 DEBUG: input [ 4.          3.         -0.58464646  1.        ], [ppo_epoch, n_focus_on, lr, gamma] = [24, 5, 0.0002156000006198883, 0.99]| output [0.7021484375, 0.802734375, 0.6982421875, 0.8037109375], average 0.751708984375
2023-02-20 05:23:51 DEBUG: input [ 4.         3.        -0.2581991  1.       ], [ppo_epoch, n_focus_on, lr, gamma] = [24, 5, 0.0003771914476156235, 0.99]| output [0.73046875, 0.755859375, 0.748046875, 0.6923828125], average 0.731689453125
2023-02-20 05:40:41 DEBUG: input [ 3.          3.         -0.59390813  1.        ], [ppo_epoch, n_focus_on, lr, gamma] = [16, 5, 0.00021101547509431838, 0.99]| output [0.587890625, 0.67041015625, 0.6376953125, 0.48974609375], average 0.596435546875
2023-02-20 05:57:40 DEBUG: input [ 4.00000000e+00  0.00000000e+00 -3.10909748e-03  6.38289332e-01], [ppo_epoch, n_focus_on, lr, gamma] = [24, 2, 0.0005034609967470169, 0.9737230199575424]| output [0.22998046875, 0.2216796875, 0.2138671875, 0.20947265625], average 0.21875
2023-02-20 06:24:40 DEBUG: input [ 4.          3.         -0.25602186  1.        ], [ppo_epoch, n_focus_on, lr, gamma] = [24, 5, 0.00037826918065547943, 0.99]| output [0.767578125, 0.7783203125, 0.6396484375, 0.7021484375], average 0.721923828125
2023-02-20 06:42:41 DEBUG: input [ 4.         0.        -1.         0.4666667], [ppo_epoch, n_focus_on, lr, gamma] = [24, 2, 1e-05, 0.9660000014305115]| output [0.2333984375, 0.29296875, 0.2470703125, 0.2060546875], average 0.244873046875
2023-02-20 07:00:59 DEBUG: input [ 4.          1.         -0.18088692  1.        ], [ppo_epoch, n_focus_on, lr, gamma] = [24, 3, 0.0004154609724879265, 0.99]| output [0.75244140625, 0.779296875, 0.65380859375, 0.60205078125], average 0.6968994140625
2023-02-20 07:19:09 DEBUG: input [ 4.          3.         -0.38094217  1.        ], [ppo_epoch, n_focus_on, lr, gamma] = [24, 5, 0.00031643362790346145, 0.99]| output [0.76708984375, 0.76025390625, 0.7333984375, 0.705078125], average 0.741455078125
2023-02-20 07:37:13 DEBUG: input [ 4.          0.         -0.36942703  1.        ], [ppo_epoch, n_focus_on, lr, gamma] = [24, 2, 0.00032213362246751785, 0.99]| output [0.7177734375, 0.658203125, 0.7353515625, 0.748046875], average 0.71484375
2023-02-20 07:56:47 DEBUG: input [ 4.          3.         -0.18088692  1.        ], [ppo_epoch, n_focus_on, lr, gamma] = [24, 5, 0.0004154609724879265, 0.99]| output [0.5771484375, 0.771484375, 0.751953125, 0.73095703125], average 0.7078857421875
2023-02-20 08:20:10 DEBUG: input [ 4.          0.         -0.75220551  0.76354074], [ppo_epoch, n_focus_on, lr, gamma] = [24, 2, 0.0001326582745462656, 0.9793593335151672]| output [0.22802734375, 0.20556640625, 0.21533203125, 0.2353515625], average 0.2210693359375
2023-02-20 08:42:35 DEBUG: input [ 3.          3.         -0.18088692  1.        ], [ppo_epoch, n_focus_on, lr, gamma] = [16, 5, 0.0004154609724879265, 0.99]| output [0.7060546875, 0.75732421875, 0.70263671875, 0.732421875], average 0.724609375
2023-02-20 09:07:09 DEBUG: input [ 4.          3.         -0.58091497  1.        ], [ppo_epoch, n_focus_on, lr, gamma] = [24, 5, 0.00021744708776473998, 0.99]| output [0.76123046875, 0.76904296875, 0.61181640625, 0.5986328125], average 0.6851806640625
2023-02-20 09:30:47 DEBUG: input [ 4.          3.         -0.58557791  1.        ], [ppo_epoch, n_focus_on, lr, gamma] = [24, 5, 0.0002151389369368553, 0.99]| output [0.79541015625, 0.7587890625, 0.73095703125, 0.67578125], average 0.740234375
2023-02-20 09:54:43 DEBUG: input [ 4.          3.         -0.18088692  1.        ], [ppo_epoch, n_focus_on, lr, gamma] = [24, 5, 0.0004154609724879265, 0.99]| output [0.5771484375, 0.771484375, 0.751953125, 0.73095703125], average 0.7078857421875
2023-02-20 10:18:20 DEBUG: input [ 4.          0.         -0.89199805  1.        ], [ppo_epoch, n_focus_on, lr, gamma] = [24, 2, 6.346096396446228e-05, 0.99]| output [0.45703125, 0.59326171875, 0.419921875, 0.43701171875], average 0.476806640625
2023-02-20 10:41:59 DEBUG: input [ 4.          3.         -0.58531493  1.        ], [ppo_epoch, n_focus_on, lr, gamma] = [24, 5, 0.0002152691099047661, 0.99]| output [0.7802734375, 0.73974609375, 0.74853515625, 0.78076171875], average 0.7623291015625
2023-02-20 11:05:40 DEBUG: input [ 4.          3.         -0.60221535  1.        ], [ppo_epoch, n_focus_on, lr, gamma] = [24, 5, 0.0002069034019112587, 0.99]| output [0.5703125, 0.76806640625, 0.7431640625, 0.6982421875], average 0.6949462890625
2023-02-20 11:29:35 DEBUG: input [ 4.          3.         -0.43772197  1.        ], [ppo_epoch, n_focus_on, lr, gamma] = [24, 5, 0.000288327625989914, 0.99]| output [0.77685546875, 0.79638671875, 0.7822265625, 0.76123046875], average 0.7791748046875
2023-02-20 11:53:37 DEBUG: input [ 4.          3.         -0.79327753  1.        ], [ppo_epoch, n_focus_on, lr, gamma] = [24, 5, 0.00011232762172818183, 0.99]| output [0.6064453125, 0.62744140625, 0.71728515625, 0.70947265625], average 0.6651611328125
2023-02-20 12:17:30 DEBUG: input [ 4.          3.         -0.08216643  0.97063923], [ppo_epoch, n_focus_on, lr, gamma] = [24, 5, 0.0004643276154994965, 0.988678765296936]| output [0.5205078125, 0.70849609375, 0.5966796875, 0.36279296875], average 0.547119140625
2023-02-20 12:41:21 DEBUG: input [ 4.          3.         -0.08216643  1.        ], [ppo_epoch, n_focus_on, lr, gamma] = [24, 5, 0.0004643276154994965, 0.99]| output [0.79296875, 0.7646484375, 0.611328125, 0.6240234375], average 0.6982421875
2023-02-20 13:05:13 DEBUG: input [ 4.          3.         -0.08929354  1.        ], [ppo_epoch, n_focus_on, lr, gamma] = [24, 5, 0.00046079969793558125, 0.99]| output [0.75439453125, 0.8203125, 0.771484375, 0.66455078125], average 0.752685546875
2023-02-20 13:28:09 DEBUG: input [ 3.          2.         -0.28239834  1.        ], [ppo_epoch, n_focus_on, lr, gamma] = [16, 4, 0.0003652128201723099, 0.99]| output [0.74560546875, 0.7744140625, 0.7666015625, 0.6591796875], average 0.7364501953125
2023-02-20 13:51:02 DEBUG: input [ 3.         2.        -0.2883842  1.       ], [ppo_epoch, n_focus_on, lr, gamma] = [16, 4, 0.0003622498214244843, 0.99]| output [0.71875, 0.705078125, 0.80419921875, 0.650390625], average 0.7196044921875
2023-02-20 14:13:51 DEBUG: input [ 3.          2.         -0.32198775  0.8453548 ], [ppo_epoch, n_focus_on, lr, gamma] = [16, 4, 0.00034561606466770173, 0.9830409657955169]| output [0.28955078125, 0.30126953125, 0.38818359375, 0.23046875], average 0.3023681640625
2023-02-20 14:37:39 DEBUG: input [ 4.          3.         -0.73032111  1.        ], [ppo_epoch, n_focus_on, lr, gamma] = [24, 5, 0.00014349105089902877, 0.99]| output [0.78173828125, 0.74169921875, 0.7109375, 0.70068359375], average 0.7337646484375
2023-02-20 15:01:14 DEBUG: input [ 3.          2.         -0.09974211  1.        ], [ppo_epoch, n_focus_on, lr, gamma] = [16, 4, 0.0004556276533007622, 0.99]| output [0.68310546875, 0.63818359375, 0.77001953125, 0.7265625], average 0.7044677734375
2023-02-20 15:24:49 DEBUG: input [ 3.          3.         -0.08216643  1.        ], [ppo_epoch, n_focus_on, lr, gamma] = [16, 5, 0.0004643276154994965, 0.99]| output [0.7626953125, 0.6982421875, 0.66796875, 0.7744140625], average 0.725830078125
2023-02-20 15:48:01 DEBUG: input [ 3.          2.         -0.08216643  1.        ], [ppo_epoch, n_focus_on, lr, gamma] = [16, 4, 0.0004643276154994965, 0.99]| output [0.720703125, 0.697265625, 0.69482421875, 0.76220703125], average 0.71875
2023-02-20 16:12:43 DEBUG: input [ 4.          2.         -0.76704265  1.        ], [ppo_epoch, n_focus_on, lr, gamma] = [24, 4, 0.00012531388737261297, 0.99]| output [0.7626953125, 0.67041015625, 0.77685546875, 0.736328125], average 0.736572265625
2023-02-20 18:59:23 DEBUG: logger start
2023-02-20 19:00:47 DEBUG: logger start
2023-02-20 19:01:50 DEBUG: logger start
