2023-02-20 19:11:25 DEBUG: logger start
2023-02-20 19:11:40 DEBUG: logger start
2023-02-20 19:13:16 DEBUG: logger start
2023-02-20 19:38:13 DEBUG: input [2. 1. 1. 1. 2. 0.], [p1,p2,p3,p4,p5,p6] = [2, 1, 1, 1, 2, 0]| output [0.446533203125, 0.49169921875, 0.460205078125, 0.48876953125], average 0.4718017578125
2023-02-20 20:02:14 DEBUG: input [1. 0. 0. 2. 0. 0.], [p1,p2,p3,p4,p5,p6] = [1, 0, 0, 2, 0, 0]| output [0.420654296875, 0.428955078125, 0.40966796875, 0.45556640625], average 0.4287109375
2023-02-20 20:26:13 DEBUG: input [0. 1. 1. 0. 2. 2.], [p1,p2,p3,p4,p5,p6] = [0, 1, 1, 0, 2, 2]| output [0.5908203125, 0.4052734375, 0.387451171875, 0.186279296875], average 0.3924560546875
2023-02-20 20:52:15 DEBUG: input [0. 2. 0. 2. 2. 0.], [p1,p2,p3,p4,p5,p6] = [0, 2, 0, 2, 2, 0]| output [0.263916015625, 0.520751953125, 0.42724609375, 0.402587890625], average 0.40362548828125
2023-02-20 21:16:17 DEBUG: input [2. 1. 0. 2. 1. 0.], [p1,p2,p3,p4,p5,p6] = [2, 1, 0, 2, 1, 0]| output [0.4990234375, 0.446044921875, 0.421142578125, 0.4384765625], average 0.451171875
2023-02-20 21:39:14 DEBUG: input [2. 0. 1. 1. 0. 1.], [p1,p2,p3,p4,p5,p6] = [2, 0, 1, 1, 0, 1]| output [0.3798828125, 0.419921875, 0.62548828125, 0.4248046875], average 0.4625244140625
2023-02-20 22:03:09 DEBUG: input [2. 2. 0. 1. 1. 1.], [p1,p2,p3,p4,p5,p6] = [2, 2, 0, 1, 1, 1]| output [0.51171875, 0.4970703125, 0.417724609375, 0.498046875], average 0.48114013671875
2023-02-20 22:26:06 DEBUG: input [2. 1. 2. 0. 0. 1.], [p1,p2,p3,p4,p5,p6] = [2, 1, 2, 0, 0, 1]| output [0.46923828125, 0.42529296875, 0.44580078125, 0.3486328125], average 0.4222412109375
2023-02-20 22:49:04 DEBUG: input [0. 1. 1. 1. 0. 2.], [p1,p2,p3,p4,p5,p6] = [0, 1, 1, 1, 0, 2]| output [0.39306640625, 0.32470703125, 0.3994140625, 0.47802734375], average 0.3988037109375
2023-02-20 23:11:58 DEBUG: input [2. 0. 2. 0. 0. 0.], [p1,p2,p3,p4,p5,p6] = [2, 0, 2, 0, 0, 0]| output [0.32177734375, 0.426025390625, 0.306884765625, 0.331298828125], average 0.34649658203125
2023-02-20 23:37:59 DEBUG: input [0. 1. 0. 1. 2. 2.], [p1,p2,p3,p4,p5,p6] = [0, 1, 0, 1, 2, 2]| output [0.52587890625, 0.399169921875, 0.442138671875, 0.54345703125], average 0.4776611328125
2023-02-21 00:01:57 DEBUG: input [1. 2. 2. 0. 1. 2.], [p1,p2,p3,p4,p5,p6] = [1, 2, 2, 0, 1, 2]| output [0.417236328125, 0.560302734375, 0.377685546875, 0.3486328125], average 0.42596435546875
2023-02-21 00:25:53 DEBUG: input [0. 2. 1. 1. 1. 2.], [p1,p2,p3,p4,p5,p6] = [0, 2, 1, 1, 1, 2]| output [0.445556640625, 0.560791015625, 0.387451171875, 0.398193359375], average 0.447998046875
2023-02-21 00:49:54 DEBUG: input [1. 1. 2. 2. 0. 1.], [p1,p2,p3,p4,p5,p6] = [1, 1, 2, 2, 0, 1]| output [0.42578125, 0.39404296875, 0.454833984375, 0.376953125], average 0.41290283203125
2023-02-21 01:13:53 DEBUG: input [0. 0. 2. 2. 0. 1.], [p1,p2,p3,p4,p5,p6] = [0, 0, 2, 2, 0, 1]| output [0.380859375, 0.2158203125, 0.39794921875, 0.15234375], average 0.2867431640625
2023-02-21 01:36:48 DEBUG: input [1. 2. 0. 0. 0. 2.], [p1,p2,p3,p4,p5,p6] = [1, 2, 0, 0, 0, 2]| output [0.42626953125, 0.347900390625, 0.391845703125, 0.28759765625], average 0.3634033203125
2023-02-21 02:00:44 DEBUG: input [1. 2. 2. 0. 2. 0.], [p1,p2,p3,p4,p5,p6] = [1, 2, 2, 0, 2, 0]| output [0.33837890625, 0.505859375, 0.472900390625, 0.24853515625], average 0.39141845703125
2023-02-21 02:25:41 DEBUG: input [2. 2. 1. 1. 2. 0.], [p1,p2,p3,p4,p5,p6] = [2, 2, 1, 1, 2, 0]| output [0.48388671875, 0.5458984375, 0.420654296875, 0.509521484375], average 0.489990234375
2023-02-21 02:50:36 DEBUG: input [1. 1. 1. 0. 2. 1.], [p1,p2,p3,p4,p5,p6] = [1, 1, 1, 0, 2, 1]| output [0.4775390625, 0.4013671875, 0.50732421875, 0.437255859375], average 0.45587158203125
2023-02-21 03:14:31 DEBUG: input [2. 0. 1. 1. 1. 1.], [p1,p2,p3,p4,p5,p6] = [2, 0, 1, 1, 1, 1]| output [0.53857421875, 0.408203125, 0.30224609375, 0.46826171875], average 0.4293212890625
2023-02-21 03:44:44 DEBUG: input [2. 2. 0. 1. 2. 2.], [p1,p2,p3,p4,p5,p6] = [2, 2, 0, 1, 2, 2]| output [0.6123046875, 0.478515625, 0.34423828125, 0.476318359375], average 0.47784423828125
2023-02-21 04:14:55 DEBUG: input [1. 1. 0. 1. 2. 1.], [p1,p2,p3,p4,p5,p6] = [1, 1, 0, 1, 2, 1]| output [0.431396484375, 0.533935546875, 0.465087890625, 0.451416015625], average 0.470458984375
2023-02-21 04:45:08 DEBUG: input [2. 2. 1. 1. 2. 1.], [p1,p2,p3,p4,p5,p6] = [2, 2, 1, 1, 2, 1]| output [0.442138671875, 0.45654296875, 0.54248046875, 0.477294921875], average 0.4796142578125
2023-02-21 05:13:48 DEBUG: input [2. 2. 0. 1. 1. 0.], [p1,p2,p3,p4,p5,p6] = [2, 2, 0, 1, 1, 0]| output [0.555908203125, 0.501953125, 0.438232421875, 0.485595703125], average 0.49542236328125
2023-02-21 05:41:45 DEBUG: input [1. 2. 1. 1. 1. 0.], [p1,p2,p3,p4,p5,p6] = [1, 2, 1, 1, 1, 0]| output [0.537841796875, 0.48046875, 0.56640625, 0.419921875], average 0.50115966796875
2023-02-21 06:10:47 DEBUG: input [1. 2. 0. 1. 1. 0.], [p1,p2,p3,p4,p5,p6] = [1, 2, 0, 1, 1, 0]| output [0.322021484375, 0.462890625, 0.449462890625, 0.375244140625], average 0.40240478515625
2023-02-21 06:39:57 DEBUG: input [2. 2. 1. 1. 1. 0.], [p1,p2,p3,p4,p5,p6] = [2, 2, 1, 1, 1, 0]| output [0.46533203125, 0.471923828125, 0.3798828125, 0.49755859375], average 0.45367431640625
2023-02-21 07:09:52 DEBUG: input [1. 0. 1. 1. 2. 0.], [p1,p2,p3,p4,p5,p6] = [1, 0, 1, 1, 2, 0]| output [0.40625, 0.41015625, 0.449951171875, 0.42626953125], average 0.42315673828125
2023-02-21 07:38:02 DEBUG: input [1. 2. 1. 1. 0. 0.], [p1,p2,p3,p4,p5,p6] = [1, 2, 1, 1, 0, 0]| output [0.472412109375, 0.435302734375, 0.4990234375, 0.4658203125], average 0.4681396484375
2023-02-21 08:05:58 DEBUG: input [1. 2. 1. 1. 1. 1.], [p1,p2,p3,p4,p5,p6] = [1, 2, 1, 1, 1, 1]| output [0.471435546875, 0.358154296875, 0.49951171875, 0.4345703125], average 0.44091796875
2023-02-21 08:36:12 DEBUG: input [2. 1. 0. 1. 2. 1.], [p1,p2,p3,p4,p5,p6] = [2, 1, 0, 1, 2, 1]| output [0.529541015625, 0.473388671875, 0.353271484375, 0.467041015625], average 0.455810546875
2023-02-21 09:05:18 DEBUG: input [1. 1. 1. 1. 1. 0.], [p1,p2,p3,p4,p5,p6] = [1, 1, 1, 1, 1, 0]| output [0.45263671875, 0.450927734375, 0.515625, 0.494140625], average 0.47833251953125
2023-02-21 09:34:23 DEBUG: input [1. 2. 1. 2. 1. 0.], [p1,p2,p3,p4,p5,p6] = [1, 2, 1, 2, 1, 0]| output [0.520263671875, 0.438720703125, 0.563232421875, 0.311279296875], average 0.4583740234375
2023-02-21 10:04:40 DEBUG: input [1. 2. 1. 1. 2. 0.], [p1,p2,p3,p4,p5,p6] = [1, 2, 1, 1, 2, 0]| output [0.35546875, 0.416015625, 0.501708984375, 0.45458984375], average 0.43194580078125
2023-02-21 10:35:55 DEBUG: input [2. 2. 2. 1. 2. 0.], [p1,p2,p3,p4,p5,p6] = [2, 2, 2, 1, 2, 0]| output [0.43115234375, 0.455810546875, 0.473876953125, 0.412841796875], average 0.44342041015625
2023-02-21 11:04:16 DEBUG: input [2. 2. 0. 1. 0. 0.], [p1,p2,p3,p4,p5,p6] = [2, 2, 0, 1, 0, 0]| output [0.44140625, 0.45263671875, 0.451416015625, 0.382080078125], average 0.431884765625
2023-02-21 15:10:15 DEBUG: logger start
2023-02-21 15:15:07 DEBUG: logger start
2023-02-21 15:15:35 DEBUG: logger start
2023-02-21 15:22:11 DEBUG: logger start
2023-02-21 15:38:14 DEBUG: logger start
2023-02-21 15:38:37 DEBUG: logger start
2023-02-21 16:01:43 DEBUG: input [1. 2. 2. 1. 0. 1.], [p1,p2,p3,p4,p5,p6] = [1, 2, 2, 1, 0, 1]| output [0.4296875, 0.3984375, 0.421875, 0.4296875], average 0.419921875
