2023-02-22 12:35:45 DEBUG: logger start
2023-02-22 15:08:36 DEBUG: logger start
2023-02-22 15:30:12 DEBUG: input [0. 1. 0. 1. 0.], [p1,p2,p3,p4,p5] = [0, 1, 0, 1, 0]| output [0.1240234375, 0.10595703125, 0.135986328125, 0.10205078125], average 0.11700439453125
2023-02-22 18:39:51 DEBUG: logger start
2023-02-22 18:41:37 DEBUG: input [4. 0. 1. 3. 3.], [p1,p2,p3,p4,p5] = [4, 0, 1, 3, 3]| output [0.578125, 0.46875, 0.3125, 0.46875], average 0.45703125
2023-02-22 18:43:22 DEBUG: input [3. 3. 0. 3. 1.], [p1,p2,p3,p4,p5] = [3, 3, 0, 3, 1]| output [0.59375, 0.453125, 0.25, 0.328125], average 0.40625
2023-02-22 18:45:05 DEBUG: input [3. 2. 1. 2. 4.], [p1,p2,p3,p4,p5] = [3, 2, 1, 2, 4]| output [0.578125, 0.453125, 0.28125, 0.453125], average 0.44140625
2023-02-22 18:46:48 DEBUG: input [2. 4. 2. 3. 1.], [p1,p2,p3,p4,p5] = [2, 4, 2, 3, 1]| output [0.484375, 0.421875, 0.21875, 0.3125], average 0.359375
2023-02-22 18:48:30 DEBUG: input [4. 2. 1. 2. 1.], [p1,p2,p3,p4,p5] = [4, 2, 1, 2, 1]| output [0.578125, 0.453125, 0.28125, 0.453125], average 0.44140625
2023-02-22 18:50:14 DEBUG: input [4. 1. 4. 1. 2.], [p1,p2,p3,p4,p5] = [4, 1, 4, 1, 2]| output [0.53125, 0.3125, 0.328125, 0.453125], average 0.40625
2023-02-22 18:51:57 DEBUG: input [4. 1. 2. 3. 1.], [p1,p2,p3,p4,p5] = [4, 1, 2, 3, 1]| output [0.484375, 0.421875, 0.328125, 0.453125], average 0.421875
2023-02-22 18:53:41 DEBUG: input [2. 0. 3. 3. 3.], [p1,p2,p3,p4,p5] = [2, 0, 3, 3, 3]| output [0.265625, 0.3125, 0.3125, 0.453125], average 0.3359375
2023-02-22 18:55:26 DEBUG: input [1. 3. 3. 4. 4.], [p1,p2,p3,p4,p5] = [1, 3, 3, 4, 4]| output [0.265625, 0.3125, 0.1875, 0.296875], average 0.265625
2023-02-22 18:57:10 DEBUG: input [1. 2. 0. 0. 3.], [p1,p2,p3,p4,p5] = [1, 2, 0, 0, 3]| output [0.59375, 0.453125, 0.28125, 0.453125], average 0.4453125
2023-02-22 18:58:54 DEBUG: input [4. 3. 1. 4. 1.], [p1,p2,p3,p4,p5] = [4, 3, 1, 4, 1]| output [0.578125, 0.453125, 0.28125, 0.3125], average 0.40625
2023-02-22 19:00:39 DEBUG: input [3. 1. 0. 2. 1.], [p1,p2,p3,p4,p5] = [3, 1, 0, 2, 1]| output [0.59375, 0.453125, 0.328125, 0.453125], average 0.45703125
2023-02-22 19:02:22 DEBUG: input [0. 4. 0. 1. 3.], [p1,p2,p3,p4,p5] = [0, 4, 0, 1, 3]| output [0.59375, 0.453125, 0.234375, 0.34375], average 0.40625
2023-02-22 19:04:06 DEBUG: input [1. 0. 4. 2. 2.], [p1,p2,p3,p4,p5] = [1, 0, 4, 2, 2]| output [0.53125, 0.328125, 0.3125, 0.453125], average 0.40625
2023-02-22 19:05:50 DEBUG: input [2. 3. 4. 2. 0.], [p1,p2,p3,p4,p5] = [2, 3, 4, 2, 0]| output [0.53125, 0.328125, 0.265625, 0.296875], average 0.35546875
2023-02-22 19:07:41 DEBUG: input [0. 3. 3. 1. 0.], [p1,p2,p3,p4,p5] = [0, 3, 3, 1, 0]| output [0.265625, 0.40625, 0.1875, 0.296875], average 0.2890625
2023-02-22 19:09:29 DEBUG: input [2. 2. 1. 2. 0.], [p1,p2,p3,p4,p5] = [2, 2, 1, 2, 0]| output [0.578125, 0.453125, 0.28125, 0.453125], average 0.44140625
2023-02-22 19:11:15 DEBUG: input [2. 4. 1. 0. 4.], [p1,p2,p3,p4,p5] = [2, 4, 1, 0, 4]| output [0.578125, 0.453125, 0.265625, 0.328125], average 0.40625
2023-02-22 19:13:00 DEBUG: input [0. 0. 3. 0. 2.], [p1,p2,p3,p4,p5] = [0, 0, 3, 0, 2]| output [0.265625, 0.359375, 0.3125, 0.453125], average 0.34765625
2023-02-22 19:14:45 DEBUG: input [3. 3. 3. 4. 1.], [p1,p2,p3,p4,p5] = [3, 3, 3, 4, 1]| output [0.265625, 0.3125, 0.1875, 0.296875], average 0.265625
2023-02-22 19:21:28 DEBUG: input [3. 1. 1. 2. 3.], [p1,p2,p3,p4,p5] = [3, 1, 1, 2, 3]| output [0.578125, 0.453125, 0.328125, 0.453125], average 0.453125
2023-02-22 19:28:32 DEBUG: input [4. 1. 0. 2. 0.], [p1,p2,p3,p4,p5] = [4, 1, 0, 2, 0]| output [0.59375, 0.453125, 0.328125, 0.453125], average 0.45703125
2023-02-22 19:37:24 DEBUG: input [4. 0. 1. 0. 0.], [p1,p2,p3,p4,p5] = [4, 0, 1, 0, 0]| output [0.578125, 0.453125, 0.3125, 0.46875], average 0.453125
2023-02-22 19:49:56 DEBUG: input [4. 1. 0. 2. 3.], [p1,p2,p3,p4,p5] = [4, 1, 0, 2, 3]| output [0.59375, 0.453125, 0.328125, 0.453125], average 0.45703125
2023-02-22 20:01:44 DEBUG: input [4. 1. 0. 0. 3.], [p1,p2,p3,p4,p5] = [4, 1, 0, 0, 3]| output [0.59375, 0.453125, 0.328125, 0.453125], average 0.45703125
2023-02-22 20:14:46 DEBUG: input [4. 1. 1. 3. 0.], [p1,p2,p3,p4,p5] = [4, 1, 1, 3, 0]| output [0.578125, 0.46875, 0.328125, 0.453125], average 0.45703125
2023-02-22 20:26:42 DEBUG: input [3. 1. 0. 2. 0.], [p1,p2,p3,p4,p5] = [3, 1, 0, 2, 0]| output [0.59375, 0.453125, 0.328125, 0.453125], average 0.45703125
2023-02-22 20:38:27 DEBUG: input [1. 1. 0. 2. 0.], [p1,p2,p3,p4,p5] = [1, 1, 0, 2, 0]| output [0.59375, 0.453125, 0.328125, 0.453125], average 0.45703125
2023-02-22 20:51:46 DEBUG: input [0. 1. 0. 2. 0.], [p1,p2,p3,p4,p5] = [0, 1, 0, 2, 0]| output [0.59375, 0.453125, 0.328125, 0.453125], average 0.45703125
2023-02-22 21:03:36 DEBUG: input [4. 1. 1. 0. 3.], [p1,p2,p3,p4,p5] = [4, 1, 1, 0, 3]| output [0.578125, 0.453125, 0.328125, 0.453125], average 0.453125
2023-02-22 21:16:20 DEBUG: input [4. 1. 0. 3. 0.], [p1,p2,p3,p4,p5] = [4, 1, 0, 3, 0]| output [0.59375, 0.453125, 0.328125, 0.453125], average 0.45703125
2023-02-22 21:28:45 DEBUG: input [4. 1. 0. 3. 3.], [p1,p2,p3,p4,p5] = [4, 1, 0, 3, 3]| output [0.59375, 0.453125, 0.328125, 0.453125], average 0.45703125
2023-02-22 21:40:27 DEBUG: input [4. 0. 0. 3. 0.], [p1,p2,p3,p4,p5] = [4, 0, 0, 3, 0]| output [0.59375, 0.453125, 0.3125, 0.46875], average 0.45703125
2023-02-22 21:54:15 DEBUG: input [4. 0. 1. 3. 0.], [p1,p2,p3,p4,p5] = [4, 0, 1, 3, 0]| output [0.578125, 0.46875, 0.3125, 0.46875], average 0.45703125
2023-02-22 22:05:55 DEBUG: input [0. 1. 1. 3. 0.], [p1,p2,p3,p4,p5] = [0, 1, 1, 3, 0]| output [0.578125, 0.46875, 0.328125, 0.453125], average 0.45703125
2023-02-22 22:18:28 DEBUG: input [0. 0. 1. 3. 0.], [p1,p2,p3,p4,p5] = [0, 0, 1, 3, 0]| output [0.578125, 0.46875, 0.3125, 0.46875], average 0.45703125
2023-02-22 22:31:13 DEBUG: input [0. 1. 0. 0. 0.], [p1,p2,p3,p4,p5] = [0, 1, 0, 0, 0]| output [0.59375, 0.453125, 0.328125, 0.453125], average 0.45703125
2023-02-22 22:43:02 DEBUG: input [1. 1. 0. 0. 0.], [p1,p2,p3,p4,p5] = [1, 1, 0, 0, 0]| output [0.59375, 0.453125, 0.328125, 0.453125], average 0.45703125
2023-02-22 22:56:31 DEBUG: input [4. 0. 0. 3. 3.], [p1,p2,p3,p4,p5] = [4, 0, 0, 3, 3]| output [0.59375, 0.453125, 0.3125, 0.46875], average 0.45703125
